<?xml version="1.0" encoding="utf-8"?><testsuites name="pytest tests"><testsuite name="pytest" errors="0" failures="0" skipped="0" tests="3" time="0.040" timestamp="2025-09-06T11:28:07.293148+03:00" hostname="MacBook-Pro-Dan.local"><testcase classname="tests.backend.ai.test_ai" name="test_ai_response_generation" time="0.024" /><testcase classname="tests.backend.ai.test_ai" name="test_embeddings_generation" time="0.000" /><testcase classname="tests.backend.ai.test_ai" name="test_rag_pipeline" time="0.000" /></testsuite></testsuites>