<?xml version="1.0" encoding="utf-8"?><testsuites name="pytest tests"><testsuite name="pytest" errors="0" failures="0" skipped="0" tests="11" time="0.055" timestamp="2025-09-06T11:27:43.363931+03:00" hostname="MacBook-Pro-Dan.local"><testcase classname="tests.test_token_protection.TestTokenProtection" name="test_environment_configuration" time="0.023" /><testcase classname="tests.test_token_protection.TestTokenProtection" name="test_get_llm_returns_fake_only" time="0.000" /><testcase classname="tests.test_token_protection.TestTokenProtection" name="test_real_providers_blocked" time="0.001" /><testcase classname="tests.test_token_protection.TestTokenProtection" name="test_fake_llm_modes" time="0.001" /><testcase classname="tests.test_token_protection.TestTokenProtection" name="test_generate_ai_response_wrapper" time="0.002" /><testcase classname="tests.test_token_protection.TestTokenProtection" name="test_dry_run_detection" time="0.001" /><testcase classname="tests.test_token_protection.TestTokenProtection" name="test_protection_utility_function" time="0.001" /><testcase classname="tests.test_token_protection.TestTokenProtectionIntegration" name="test_multiple_concurrent_calls" time="0.001" /><testcase classname="tests.test_token_protection.TestTokenProtectionIntegration" name="test_various_provider_attempts" time="0.001" /><testcase classname="tests.test_token_protection.TestTokenProtectionIntegration" name="test_stress_token_protection" time="0.003" /><testcase classname="tests.test_token_protection.TestProductionScenarios" name="test_production_config_simulation" time="0.001" /></testsuite></testsuites>