<?xml version="1.0" encoding="utf-8"?><testsuites name="pytest tests"><testsuite name="pytest" errors="0" failures="0" skipped="0" tests="10" time="0.430" timestamp="2025-09-06T11:27:45.802502+03:00" hostname="MacBook-Pro-Dan.local"><testcase classname="tests.test_websocket_security_fixes.TestIPExtractionSecurity" name="test_direct_client_ip_not_from_proxy" time="0.024" /><testcase classname="tests.test_websocket_security_fixes.TestIPExtractionSecurity" name="test_trusted_proxy_with_forwarded_for" time="0.001" /><testcase classname="tests.test_websocket_security_fixes.TestIPExtractionSecurity" name="test_trusted_proxy_with_real_ip" time="0.001" /><testcase classname="tests.test_websocket_security_fixes.TestIPExtractionSecurity" name="test_ip_spoofing_protection" time="0.000" /><testcase classname="tests.test_websocket_security_fixes.TestIPExtractionSecurity" name="test_trusted_proxy_detection" time="0.000" /><testcase classname="tests.test_websocket_security_fixes.TestMemoryExhaustionProtection" name="test_normal_rate_limiting" time="0.001" /><testcase classname="tests.test_websocket_security_fixes.TestMemoryExhaustionProtection" name="test_memory_exhaustion_protection" time="0.006" /><testcase classname="tests.test_websocket_security_fixes.TestMemoryExhaustionProtection" name="test_memory_cleanup_preserves_recent_ips" time="0.007" /><testcase classname="tests.test_websocket_security_fixes.TestMemoryExhaustionProtection" name="test_window_based_cleanup" time="0.001" /><testcase classname="tests.test_websocket_security_fixes.TestSecurityIntegration" name="test_end_to_end_security_flow" time="0.001" /></testsuite></testsuites>