<?xml version="1.0" encoding="utf-8"?><testsuites name="pytest tests"><testsuite name="pytest" errors="1" failures="0" skipped="0" tests="1" time="0.079" timestamp="2025-09-06T11:38:39.746887+03:00" hostname="MacBook-Pro-Dan.local"><testcase classname="tests.backend.integration.test_telegram_operator_message" name="test_telegram_operator_message" time="0.021"><error message="failed on setup with &quot;file /Users/dan/Documents/chatAI/MVP 13/tests/backend/integration/test_telegram_operator_message.py, line 15&#10;  def test_telegram_operator_message(telegram_chat_id: str, message: str) -&gt; bool:&#10;E       fixture 'telegram_chat_id' not found&#10;&gt;       available fixtures: _session_faker, anyio_backend, anyio_backend_name, anyio_backend_options, cache, capfd, capfdbinary, caplog, capsys, capsysbinary, capteesys, class_mocker, cov, doctest_namespace, event_loop, extra, extras, faker, include_metadata_in_junit_xml, metadata, mocker, module_mocker, monkeypatch, no_cover, package_mocker, pytestconfig, record_property, record_testsuite_property, record_xml_attribute, recwarn, session_mocker, testrun_uid, tmp_path, tmp_path_factory, tmpdir, tmpdir_factory, unused_tcp_port, unused_tcp_port_factory, unused_udp_port, unused_udp_port_factory, worker_id&#10;&gt;       use 'pytest --fixtures [testpath]' for help on them.&#10;&#10;/Users/dan/Documents/chatAI/MVP 13/tests/backend/integration/test_telegram_operator_message.py:15&quot;">file /Users/dan/Documents/chatAI/MVP 13/tests/backend/integration/test_telegram_operator_message.py, line 15
  def test_telegram_operator_message(telegram_chat_id: str, message: str) -&gt; bool:
E       fixture 'telegram_chat_id' not found
&gt;       available fixtures: _session_faker, anyio_backend, anyio_backend_name, anyio_backend_options, cache, capfd, capfdbinary, caplog, capsys, capsysbinary, capteesys, class_mocker, cov, doctest_namespace, event_loop, extra, extras, faker, include_metadata_in_junit_xml, metadata, mocker, module_mocker, monkeypatch, no_cover, package_mocker, pytestconfig, record_property, record_testsuite_property, record_xml_attribute, recwarn, session_mocker, testrun_uid, tmp_path, tmp_path_factory, tmpdir, tmpdir_factory, unused_tcp_port, unused_tcp_port_factory, unused_udp_port, unused_udp_port_factory, worker_id
&gt;       use 'pytest --fixtures [testpath]' for help on them.

/Users/dan/Documents/chatAI/MVP 13/tests/backend/integration/test_telegram_operator_message.py:15</error></testcase></testsuite></testsuites>