<?xml version="1.0" encoding="utf-8"?><testsuites name="pytest tests"><testsuite name="pytest" errors="0" failures="0" skipped="0" tests="3" time="0.040" timestamp="2025-09-06T11:38:43.985229+03:00" hostname="MacBook-Pro-Dan.local"><testcase classname="tests.backend.security.test_security" name="test_jwt_validation" time="0.025" /><testcase classname="tests.backend.security.test_security" name="test_cors_headers" time="0.000" /><testcase classname="tests.backend.security.test_security" name="test_input_sanitization" time="0.000" /></testsuite></testsuites>