<?xml version="1.0" encoding="utf-8"?><testsuites name="pytest tests"><testsuite name="pytest" errors="0" failures="0" skipped="0" tests="7" time="0.054" timestamp="2025-09-06T11:38:21.038828+03:00" hostname="MacBook-Pro-Dan.local"><testcase classname="tests.test_token_protection_simple" name="test_environment_protection" time="0.022" /><testcase classname="tests.test_token_protection_simple" name="test_fake_llm_functionality" time="0.001" /><testcase classname="tests.test_token_protection_simple" name="test_concurrent_fake_calls" time="0.012" /><testcase classname="tests.test_token_protection_simple" name="test_external_io_blocking" time="0.001" /><testcase classname="tests.test_token_protection_simple" name="test_provider_selection_logic" time="0.000" /><testcase classname="tests.test_token_protection_simple" name="test_stress_protection" time="0.001" /><testcase classname="tests.test_token_protection_simple" name="test_conftest_fixture_safety" time="0.000" /></testsuite></testsuites>