<?xml version="1.0" encoding="utf-8"?><testsuites name="pytest tests"><testsuite name="pytest" errors="0" failures="0" skipped="0" tests="3" time="0.241" timestamp="2025-09-06T11:38:35.832662+03:00" hostname="MacBook-Pro-Dan.local"><testcase classname="tests.backend.unit.test_api" name="test_health_endpoint" time="0.026" /><testcase classname="tests.backend.unit.test_api" name="test_api_version" time="0.000" /><testcase classname="tests.backend.unit.test_api" name="test_async_endpoint" time="0.001" /></testsuite></testsuites>