<?xml version="1.0" encoding="utf-8"?><testsuites name="pytest tests"><testsuite name="pytest" errors="0" failures="0" skipped="0" tests="10" time="0.907" timestamp="2025-09-06T11:38:21.850992+03:00" hostname="MacBook-Pro-Dan.local"><testcase classname="tests.test_websocket_critical_fixes.TestWebSocketCriticalFixes" name="test_widget_endpoint_uses_correct_connection_pool" time="0.026" /><testcase classname="tests.test_websocket_critical_fixes.TestWebSocketCriticalFixes" name="test_site_endpoint_uses_correct_connection_pool" time="0.003" /><testcase classname="tests.test_websocket_critical_fixes.TestWebSocketCriticalFixes" name="test_message_routing_widget_connections" time="0.001" /><testcase classname="tests.test_websocket_critical_fixes.TestWebSocketCriticalFixes" name="test_message_routing_site_connections" time="0.001" /><testcase classname="tests.test_websocket_critical_fixes.TestWebSocketCriticalFixes" name="test_no_cross_pool_contamination" time="0.001" /><testcase classname="tests.test_websocket_critical_fixes" name="test_no_duplicate_websocket_endpoints" time="0.365" /><testcase classname="tests.test_websocket_critical_fixes.TestWebSocketIntegration" name="test_widget_websocket_full_flow" time="0.001" /><testcase classname="tests.test_websocket_critical_fixes.TestWebSocketIntegration" name="test_site_websocket_full_flow" time="0.001" /><testcase classname="tests.test_websocket_critical_fixes.TestWebSocketLoad" name="test_multiple_concurrent_connections" time="0.001" /><testcase classname="tests.test_websocket_critical_fixes.TestWebSocketLoad" name="test_high_message_throughput" time="0.001" /></testsuite></testsuites>