<?xml version="1.0" encoding="utf-8"?><testsuites name="pytest tests"><testsuite name="pytest" errors="1" failures="1" skipped="0" tests="16" time="14.825" timestamp="2025-09-06T11:42:24.721386+03:00" hostname="MacBook-Pro-Dan.local"><testcase classname="tests.backend.integration.direct_sql_test" name="test_direct_sql" time="1.851" /><testcase classname="tests.backend.integration.simple_qa_test" name="test_qa_search" time="2.891" /><testcase classname="tests.backend.integration.test_database" name="test_database_connection" time="0.000" /><testcase classname="tests.backend.integration.test_database" name="test_database_migration" time="0.000" /><testcase classname="tests.backend.integration.test_full_qa_pipeline" name="test_full_pipeline" time="0.105" /><testcase classname="tests.backend.integration.test_qa_embeddings" name="test_qa_embeddings" time="6.880" /><testcase classname="tests.backend.integration.test_qa_search" name="test_qa_search" time="0.006" /><testcase classname="tests.backend.integration.test_qa_search2" name="test_qa_search" time="0.003" /><testcase classname="tests.backend.integration.test_telegram_delivery" name="test_telegram_delivery" time="0.000"><failure message="Failed: async def functions are not natively supported.&#10;You need to install a suitable plugin for your async framework, for example:&#10;  - anyio&#10;  - pytest-asyncio&#10;  - pytest-tornasync&#10;  - pytest-trio&#10;  - pytest-twisted">async def functions are not natively supported.
You need to install a suitable plugin for your async framework, for example:
  - anyio
  - pytest-asyncio
  - pytest-tornasync
  - pytest-trio
  - pytest-twisted</failure></testcase><testcase classname="tests.backend.integration.test_telegram_operator_message" name="test_telegram_operator_message" time="0.000"><error message="failed on setup with &quot;file /Users/dan/Documents/chatAI/MVP 13/tests/backend/integration/test_telegram_operator_message.py, line 15&#10;  def test_telegram_operator_message(telegram_chat_id: str, message: str) -&gt; bool:&#10;E       fixture 'telegram_chat_id' not found&#10;&gt;       available fixtures: _session_faker, anyio_backend, anyio_backend_name, anyio_backend_options, cache, capfd, capfdbinary, caplog, capsys, capsysbinary, capteesys, class_mocker, cov, doctest_namespace, event_loop, extra, extras, faker, include_metadata_in_junit_xml, metadata, mocker, module_mocker, monkeypatch, no_cover, package_mocker, pytestconfig, record_property, record_testsuite_property, record_xml_attribute, recwarn, session_mocker, testrun_uid, tmp_path, tmp_path_factory, tmpdir, tmpdir_factory, unused_tcp_port, unused_tcp_port_factory, unused_udp_port, unused_udp_port_factory, worker_id&#10;&gt;       use 'pytest --fixtures [testpath]' for help on them.&#10;&#10;/Users/dan/Documents/chatAI/MVP 13/tests/backend/integration/test_telegram_operator_message.py:15&quot;">file /Users/dan/Documents/chatAI/MVP 13/tests/backend/integration/test_telegram_operator_message.py, line 15
  def test_telegram_operator_message(telegram_chat_id: str, message: str) -&gt; bool:
E       fixture 'telegram_chat_id' not found
&gt;       available fixtures: _session_faker, anyio_backend, anyio_backend_name, anyio_backend_options, cache, capfd, capfdbinary, caplog, capsys, capsysbinary, capteesys, class_mocker, cov, doctest_namespace, event_loop, extra, extras, faker, include_metadata_in_junit_xml, metadata, mocker, module_mocker, monkeypatch, no_cover, package_mocker, pytestconfig, record_property, record_testsuite_property, record_xml_attribute, recwarn, session_mocker, testrun_uid, tmp_path, tmp_path_factory, tmpdir, tmpdir_factory, unused_tcp_port, unused_tcp_port_factory, unused_udp_port, unused_udp_port_factory, worker_id
&gt;       use 'pytest --fixtures [testpath]' for help on them.

/Users/dan/Documents/chatAI/MVP 13/tests/backend/integration/test_telegram_operator_message.py:15</error></testcase><testcase classname="tests.backend.integration.test_vector_search" name="test_vector_search" time="1.132" /><testcase classname="tests.backend.integration.test_widget_billing" name="test_widget_billing" time="0.086" /><testcase classname="tests.backend.integration.test_widget_config_api" name="test_widget_config_api" time="0.249" /><testcase classname="tests.backend.integration.test_widget_personalization" name="test_personalization" time="0.074" /><testcase classname="tests.backend.integration.test_widget_qa" name="test_widget_qa" time="0.826" /><testcase classname="tests.backend.integration.test_widget_settings_full_flow" name="test_widget_settings_full_flow" time="0.031" /></testsuite></testsuites>